<?xml version="1.0" encoding="UTF-8"?>
<!-- Generated by org.testng.reporters.JUnitReportReporter -->
<testsuite name="testNG.RegisterUserTest" tests="1" time="9.867" ignored="0" failures="0" timestamp="07 Jul 2019 20:32:31 GMT" skipped="0" hostname="DESKTOP-3S6BURG" errors="0">
  <testcase name="f" time="9.867" classname="testNG.RegisterUserTest"/>
</testsuite> <!-- testNG.RegisterUserTest -->
