<?xml version="1.0" encoding="UTF-8"?>
<!-- Generated by org.testng.reporters.JUnitReportReporter -->
<testsuite name="testNG.TestAnnotations" tests="2" time="0.019" ignored="0" failures="0" timestamp="08 Jul 2020 03:43:21 GMT" skipped="0" hostname="DESKTOP-3S6BURG" errors="0">
  <testcase name="f1" time="0.013" classname="testNG.TestAnnotations"/>
  <testcase name="f2" time="0.006" classname="testNG.TestAnnotations"/>
</testsuite> <!-- testNG.TestAnnotations -->
